Arguments: 
  /usr/local/Cellar/node/14.3.0_1/bin/node /usr/local/Cellar/yarn/1.22.4/libexec/bin/yarn.js install

PATH: 
  /Users/alisablakeney/.rbenv/shims:/usr/local/bin:/usr/local/bin:/usr/local/bin:/usr/local/bin:/usr/local/bin:/usr/local/bin:/usr/local/bin:/Library/Frameworks/Python.framework/Versions/3.5/bin:/usr/local/bin:/usr/bin:/bin:/usr/sbin:/sbin:/usr/local/MacGPG2/bin:/opt/X11/bin:/opt/ImageMagick/bin:/usr/local/git/bin:/Users/alisablakeney/.rbenv/shims:/Library/Frameworks/Python.framework/Versions/3.5/bin

Yarn version: 
  1.22.4

Node version: 
  14.3.0

Platform: 
  darwin x64

Trace: 
  Error: https://registry.yarnpkg.com/core-js/-/core-js-2.6.11.tgz: ESOCKETTIMEDOUT
      at ClientRequest.<anonymous> (/usr/local/Cellar/yarn/1.22.4/libexec/lib/cli.js:141375:19)
      at Object.onceWrapper (events.js:421:28)
      at ClientRequest.emit (events.js:315:20)
      at TLSSocket.emitRequestTimeout (_http_client.js:768:9)
      at Object.onceWrapper (events.js:421:28)
      at TLSSocket.emit (events.js:327:22)
      at TLSSocket.Socket._onTimeout (net.js:480:8)
      at listOnTimeout (internal/timers.js:549:17)
      at processTimers (internal/timers.js:492:7)

npm manifest: 
  {
    "name": "Index",
    "scripts": {
      "build": "gulp",
      "dev": "gulp dev"
    },
    "devDependencies": {
      "gulp": "^4.0.2",
      "gulp-autoprefixer": "^5.0.0",
      "gulp-csso": "^3.0.1",
      "gulp-sass": "4.0.2",
      "gulp-sourcemaps": "^2.6.4",
      "node-sass": "^4.12.0"
    },
    "dependencies": {
      "@babel/core": "^7.0.0-beta.51",
      "babel-polyfill": "^6.26.0",
      "babel-preset-env": "^1.7.0",
      "gulp-babel": "^8.0.0-beta.2",
      "gulp-concat": "^2.6.1",
      "gulp-livereload": "^3.8.1",
      "gulp-rename": "^1.3.0",
      "gulp-uglify": "^3.0.0",
      "howler": "^2.1.2",
      "minimist": "^1.2.0",
      "natives": "1.1.6",
      "npm": "^6.0.0",
      "webpack": "^4.14.0",
      "webpack-stream": "^4.0.3"
    }
  }

yarn manifest: 
  No manifest

Lockfile: 
  No lockfile
